pg_dump: last built-in OID is 16383
pg_dump: reading extensions
pg_dump: identifying extension members
pg_dump: reading schemas
pg_dump: reading user-defined tables
pg_dump: reading user-defined functions
pg_dump: reading user-defined types
pg_dump: reading procedural languages
pg_dump: reading user-defined aggregate functions
pg_dump: reading user-defined operators
pg_dump: reading user-defined access methods
pg_dump: reading user-defined operator classes
pg_dump: reading user-defined operator families
pg_dump: reading user-defined text search parsers
pg_dump: reading user-defined text search templates
pg_dump: reading user-defined text search dictionaries
pg_dump: reading user-defined text search configurations
pg_dump: reading user-defined foreign-data wrappers
pg_dump: reading user-defined foreign servers
pg_dump: reading default privileges
pg_dump: reading user-defined collations
pg_dump: reading user-defined conversions
pg_dump: reading type casts
pg_dump: reading transforms
pg_dump: reading table inheritance information
pg_dump: reading event triggers
pg_dump: finding extension tables
pg_dump: finding inheritance relationships
pg_dump: reading column info for interesting tables
pg_dump: finding the columns and types of table "public.auth_group"
pg_dump: finding the columns and types of table "public.auth_group_permissions"
pg_dump: finding the columns and types of table "public.auth_permission"
pg_dump: finding the columns and types of table "public.diary_diary"
pg_dump: finding the columns and types of table "public.diary_product"
pg_dump: finding the columns and types of table "public.diary_productsdiaries"
pg_dump: finding the columns and types of table "public.diary_user"
pg_dump: finding the columns and types of table "public.diary_user_groups"
pg_dump: finding the columns and types of table "public.diary_user_user_permissions"
pg_dump: finding the columns and types of table "public.django_admin_log"
pg_dump: finding check constraints for table "public.django_admin_log"
pg_dump: finding the columns and types of table "public.django_content_type"
pg_dump: finding the columns and types of table "public.django_migrations"
pg_dump: finding the columns and types of table "public.django_session"
pg_dump: flagging inherited columns in subtables
pg_dump: reading partitioning data
pg_dump: reading indexes
pg_dump: reading indexes for table "public.auth_group"
pg_dump: reading indexes for table "public.auth_group_permissions"
pg_dump: reading indexes for table "public.auth_permission"
pg_dump: reading indexes for table "public.diary_diary"
pg_dump: reading indexes for table "public.diary_product"
pg_dump: reading indexes for table "public.diary_productsdiaries"
pg_dump: reading indexes for table "public.diary_user"
pg_dump: reading indexes for table "public.diary_user_groups"
pg_dump: reading indexes for table "public.diary_user_user_permissions"
pg_dump: reading indexes for table "public.django_admin_log"
pg_dump: reading indexes for table "public.django_content_type"
pg_dump: reading indexes for table "public.django_migrations"
pg_dump: reading indexes for table "public.django_session"
pg_dump: flagging indexes in partitioned tables
pg_dump: reading extended statistics
pg_dump: reading constraints
pg_dump: reading foreign key constraints for table "public.auth_group"
pg_dump: reading foreign key constraints for table "public.auth_group_permissions"
pg_dump: reading foreign key constraints for table "public.auth_permission"
pg_dump: reading foreign key constraints for table "public.diary_diary"
pg_dump: reading foreign key constraints for table "public.diary_product"
pg_dump: reading foreign key constraints for table "public.diary_productsdiaries"
pg_dump: reading foreign key constraints for table "public.diary_user"
pg_dump: reading foreign key constraints for table "public.diary_user_groups"
pg_dump: reading foreign key constraints for table "public.diary_user_user_permissions"
pg_dump: reading foreign key constraints for table "public.django_admin_log"
pg_dump: reading foreign key constraints for table "public.django_content_type"
pg_dump: reading triggers
pg_dump: reading triggers for table "public.auth_group"
pg_dump: reading triggers for table "public.auth_group_permissions"
pg_dump: reading triggers for table "public.auth_permission"
pg_dump: reading triggers for table "public.diary_diary"
pg_dump: reading triggers for table "public.diary_product"
pg_dump: reading triggers for table "public.diary_productsdiaries"
pg_dump: reading triggers for table "public.diary_user"
pg_dump: reading triggers for table "public.diary_user_groups"
pg_dump: reading triggers for table "public.diary_user_user_permissions"
pg_dump: reading triggers for table "public.django_admin_log"
pg_dump: reading triggers for table "public.django_content_type"
pg_dump: reading rewrite rules
pg_dump: reading policies
pg_dump: reading row-level security policies
pg_dump: reading publications
pg_dump: reading publication membership
pg_dump: reading subscriptions
pg_dump: reading large objects
pg_dump: reading dependency data
pg_dump: saving encoding = UTF8
pg_dump: saving standard_conforming_strings = on
pg_dump: saving search_path = 
pg_dump: saving database definition
pg_dump: dumping contents of table "public.auth_group"
pg_dump: dumping contents of table "public.auth_group_permissions"
pg_dump: dumping contents of table "public.auth_permission"
pg_dump: dumping contents of table "public.diary_diary"
pg_dump: dumping contents of table "public.diary_product"
pg_dump: dumping contents of table "public.diary_productsdiaries"
pg_dump: dumping contents of table "public.diary_user"
pg_dump: dumping contents of table "public.diary_user_groups"
pg_dump: dumping contents of table "public.diary_user_user_permissions"
pg_dump: dumping contents of table "public.django_admin_log"
pg_dump: dumping contents of table "public.django_content_type"
pg_dump: dumping contents of table "public.django_migrations"
pg_dump: dumping contents of table "public.django_session"
Дамп backup_2024-11-26_23-29-01.sql успешно создан!
Файл backup_2024-11-26_23-29-01.sql успешно загружен на Яндекс.Диск по пути /backups/backup_2024-11-26_23-29-01.sql!
Локальный файл backup_2024-11-26_23-29-01.sql успешно удален.
pg_dump: last built-in OID is 16383
pg_dump: reading extensions
pg_dump: identifying extension members
pg_dump: reading schemas
pg_dump: reading user-defined tables
pg_dump: reading user-defined functions
pg_dump: reading user-defined types
pg_dump: reading procedural languages
pg_dump: reading user-defined aggregate functions
pg_dump: reading user-defined operators
pg_dump: reading user-defined access methods
pg_dump: reading user-defined operator classes
pg_dump: reading user-defined operator families
pg_dump: reading user-defined text search parsers
pg_dump: reading user-defined text search templates
pg_dump: reading user-defined text search dictionaries
pg_dump: reading user-defined text search configurations
pg_dump: reading user-defined foreign-data wrappers
pg_dump: reading user-defined foreign servers
pg_dump: reading default privileges
pg_dump: reading user-defined collations
pg_dump: reading user-defined conversions
pg_dump: reading type casts
pg_dump: reading transforms
pg_dump: reading table inheritance information
pg_dump: reading event triggers
pg_dump: finding extension tables
pg_dump: finding inheritance relationships
pg_dump: reading column info for interesting tables
pg_dump: finding the columns and types of table "public.auth_group"
pg_dump: finding the columns and types of table "public.auth_group_permissions"
pg_dump: finding the columns and types of table "public.auth_permission"
pg_dump: finding the columns and types of table "public.diary_diary"
pg_dump: finding the columns and types of table "public.diary_product"
pg_dump: finding the columns and types of table "public.diary_productsdiaries"
pg_dump: finding the columns and types of table "public.diary_user"
pg_dump: finding the columns and types of table "public.diary_user_groups"
pg_dump: finding the columns and types of table "public.diary_user_user_permissions"
pg_dump: finding the columns and types of table "public.django_admin_log"
pg_dump: finding check constraints for table "public.django_admin_log"
pg_dump: finding the columns and types of table "public.django_content_type"
pg_dump: finding the columns and types of table "public.django_migrations"
pg_dump: finding the columns and types of table "public.django_session"
pg_dump: flagging inherited columns in subtables
pg_dump: reading partitioning data
pg_dump: reading indexes
pg_dump: reading indexes for table "public.auth_group"
pg_dump: reading indexes for table "public.auth_group_permissions"
pg_dump: reading indexes for table "public.auth_permission"
pg_dump: reading indexes for table "public.diary_diary"
pg_dump: reading indexes for table "public.diary_product"
pg_dump: reading indexes for table "public.diary_productsdiaries"
pg_dump: reading indexes for table "public.diary_user"
pg_dump: reading indexes for table "public.diary_user_groups"
pg_dump: reading indexes for table "public.diary_user_user_permissions"
pg_dump: reading indexes for table "public.django_admin_log"
pg_dump: reading indexes for table "public.django_content_type"
pg_dump: reading indexes for table "public.django_migrations"
pg_dump: reading indexes for table "public.django_session"
pg_dump: flagging indexes in partitioned tables
pg_dump: reading extended statistics
pg_dump: reading constraints
pg_dump: reading foreign key constraints for table "public.auth_group"
pg_dump: reading foreign key constraints for table "public.auth_group_permissions"
pg_dump: reading foreign key constraints for table "public.auth_permission"
pg_dump: reading foreign key constraints for table "public.diary_diary"
pg_dump: reading foreign key constraints for table "public.diary_product"
pg_dump: reading foreign key constraints for table "public.diary_productsdiaries"
pg_dump: reading foreign key constraints for table "public.diary_user"
pg_dump: reading foreign key constraints for table "public.diary_user_groups"
pg_dump: reading foreign key constraints for table "public.diary_user_user_permissions"
pg_dump: reading foreign key constraints for table "public.django_admin_log"
pg_dump: reading foreign key constraints for table "public.django_content_type"
pg_dump: reading triggers
pg_dump: reading triggers for table "public.auth_group"
pg_dump: reading triggers for table "public.auth_group_permissions"
pg_dump: reading triggers for table "public.auth_permission"
pg_dump: reading triggers for table "public.diary_diary"
pg_dump: reading triggers for table "public.diary_product"
pg_dump: reading triggers for table "public.diary_productsdiaries"
pg_dump: reading triggers for table "public.diary_user"
pg_dump: reading triggers for table "public.diary_user_groups"
pg_dump: reading triggers for table "public.diary_user_user_permissions"
pg_dump: reading triggers for table "public.django_admin_log"
pg_dump: reading triggers for table "public.django_content_type"
pg_dump: reading rewrite rules
pg_dump: reading policies
pg_dump: reading row-level security policies
pg_dump: reading publications
pg_dump: reading publication membership
pg_dump: reading subscriptions
pg_dump: reading large objects
pg_dump: reading dependency data
pg_dump: saving encoding = UTF8
pg_dump: saving standard_conforming_strings = on
pg_dump: saving search_path = 
pg_dump: saving database definition
pg_dump: dumping contents of table "public.auth_group"
pg_dump: dumping contents of table "public.auth_group_permissions"
pg_dump: dumping contents of table "public.auth_permission"
pg_dump: dumping contents of table "public.diary_diary"
pg_dump: dumping contents of table "public.diary_product"
pg_dump: dumping contents of table "public.diary_productsdiaries"
pg_dump: dumping contents of table "public.diary_user"
pg_dump: dumping contents of table "public.diary_user_groups"
pg_dump: dumping contents of table "public.diary_user_user_permissions"
pg_dump: dumping contents of table "public.django_admin_log"
pg_dump: dumping contents of table "public.django_content_type"
pg_dump: dumping contents of table "public.django_migrations"
pg_dump: dumping contents of table "public.django_session"
Дамп backup_2024-11-26_23-30-00.sql успешно создан!
Файл backup_2024-11-26_23-30-00.sql успешно загружен на Яндекс.Диск по пути /backups/backup_2024-11-26_23-30-00.sql!
Локальный файл backup_2024-11-26_23-30-00.sql успешно удален.
